0 info it worked if it ends with ok
1 verbose cli [ '/Users/natashajohnson/.nvm/versions/node/v5.0.0/bin/node',
1 verbose cli   '/Users/natashajohnson/.nvm/versions/node/v5.0.0/bin/npm',
1 verbose cli   'start' ]
2 info using npm@3.3.6
3 info using node@v5.0.0
4 verbose run-script [ 'prestart', 'start', 'poststart' ]
5 info lifecycle rock@1.0.0~prestart: rock@1.0.0
6 silly lifecycle rock@1.0.0~prestart: no script for prestart, continuing
7 info lifecycle rock@1.0.0~start: rock@1.0.0
8 verbose lifecycle rock@1.0.0~start: unsafe-perm in lifecycle true
9 verbose lifecycle rock@1.0.0~start: PATH: /Users/natashajohnson/.nvm/versions/node/v5.0.0/lib/node_modules/npm/bin/node-gyp-bin:/Users/natashajohnson/Desktop/Projects/Epps/rock/node_modules/.bin:/Users/natashajohnson/.nvm/versions/node/v5.0.0/bin:/usr/local/bin:/usr/bin:/bin:/usr/sbin:/sbin
10 verbose lifecycle rock@1.0.0~start: CWD: /Users/natashajohnson/Desktop/Projects/Epps/rock
11 silly lifecycle rock@1.0.0~start: Args: [ '-c',
11 silly lifecycle   'if-env NODE_ENV=production && npm run react-project:start:prod || npm run react-project:start:dev' ]
12 silly lifecycle rock@1.0.0~start: Returned: code: 1  signal: null
13 info lifecycle rock@1.0.0~start: Failed to exec start script
14 verbose stack Error: rock@1.0.0 start: `if-env NODE_ENV=production && npm run react-project:start:prod || npm run react-project:start:dev`
14 verbose stack Exit status 1
14 verbose stack     at EventEmitter.<anonymous> (/Users/natashajohnson/.nvm/versions/node/v5.0.0/lib/node_modules/npm/lib/utils/lifecycle.js:233:16)
14 verbose stack     at emitTwo (events.js:87:13)
14 verbose stack     at EventEmitter.emit (events.js:172:7)
14 verbose stack     at ChildProcess.<anonymous> (/Users/natashajohnson/.nvm/versions/node/v5.0.0/lib/node_modules/npm/lib/utils/spawn.js:24:14)
14 verbose stack     at emitTwo (events.js:87:13)
14 verbose stack     at ChildProcess.emit (events.js:172:7)
14 verbose stack     at maybeClose (internal/child_process.js:818:16)
14 verbose stack     at Process.ChildProcess._handle.onexit (internal/child_process.js:211:5)
15 verbose pkgid rock@1.0.0
16 verbose cwd /Users/natashajohnson/Desktop/Projects/Epps/rock
17 error Darwin 15.4.0
18 error argv "/Users/natashajohnson/.nvm/versions/node/v5.0.0/bin/node" "/Users/natashajohnson/.nvm/versions/node/v5.0.0/bin/npm" "start"
19 error node v5.0.0
20 error npm  v3.3.6
21 error code ELIFECYCLE
22 error rock@1.0.0 start: `if-env NODE_ENV=production && npm run react-project:start:prod || npm run react-project:start:dev`
22 error Exit status 1
23 error Failed at the rock@1.0.0 start script 'if-env NODE_ENV=production && npm run react-project:start:prod || npm run react-project:start:dev'.
23 error This is most likely a problem with the rock package,
23 error not with npm itself.
23 error Tell the author that this fails on your system:
23 error     if-env NODE_ENV=production && npm run react-project:start:prod || npm run react-project:start:dev
23 error You can get their info via:
23 error     npm owner ls rock
23 error There is likely additional logging output above.
24 verbose exit [ 1, true ]
